Future exception was never retrieved
future: <Future finished exception=SessionNotCreatedException()>
Traceback (most recent call last):
  File "/opt/hostedtoolcache/Python/3.8.18/x64/lib/python3.8/concurrent/futures/thread.py", line 57, in run
    result = self.fn(*self.args, **self.kwargs)
  File "/home/runner/work/TV/TV/utils.py", line 365, in process_channel_by_online_search
    driver = setup_driver(proxy if github_actions else None)
  File "/home/runner/work/TV/TV/utils.py", line 107, in setup_driver
    driver = webdriver.Chrome(options=options)
  File "/home/runner/.local/share/virtualenvs/TV-sjaFErif/lib/python3.8/site-packages/selenium/webdriver/chrome/webdriver.py", line 45, in __init__
    super().__init__(
  File "/home/runner/.local/share/virtualenvs/TV-sjaFErif/lib/python3.8/site-packages/selenium/webdriver/chromium/webdriver.py", line 66, in __init__
    super().__init__(command_executor=executor, options=options)
  File "/home/runner/.local/share/virtualenvs/TV-sjaFErif/lib/python3.8/site-packages/selenium/webdriver/remote/webdriver.py", line 208, in __init__
    self.start_session(capabilities)
  File "/home/runner/.local/share/virtualenvs/TV-sjaFErif/lib/python3.8/site-packages/selenium/webdriver/remote/webdriver.py", line 292, in start_session
    response = self.execute(Command.NEW_SESSION, caps)["value"]
  File "/home/runner/.local/share/virtualenvs/TV-sjaFErif/lib/python3.8/site-packages/selenium/webdriver/remote/webdriver.py", line 347, in execute
    self.error_handler.check_response(response)
  File "/home/runner/.local/share/virtualenvs/TV-sjaFErif/lib/python3.8/site-packages/selenium/webdriver/remote/errorhandler.py", line 229, in check_response
    raise exception_class(message, screen, stacktrace)
selenium.common.exceptions.SessionNotCreatedException: Message: session not created: Chrome failed to start: exited normally.
  (session not created: DevToolsActivePort file doesn't exist)
  (The process started from chrome location /usr/bin/google-chrome is no longer running, so ChromeDriver is assuming that Chrome has crashed.)
Stacktrace:
#0 0x5628a51cbc5a <unknown>
#1 0x5628a4eaee2c <unknown>
#2 0x5628a4ee3d6a <unknown>
#3 0x5628a4ee017b <unknown>
#4 0x5628a4f2ac49 <unknown>
#5 0x5628a4f1e363 <unknown>
#6 0x5628a4eee247 <unknown>
#7 0x5628a4eeeb9e <unknown>
#8 0x5628a519222b <unknown>
#9 0x5628a51962d1 <unknown>
#10 0x5628a517dade <unknown>
#11 0x5628a5196e32 <unknown>
#12 0x5628a516277f <unknown>
#13 0x5628a51bb618 <unknown>
#14 0x5628a51bb7f0 <unknown>
#15 0x5628a51cad8c <unknown>
#16 0x7f39e47e5609 start_thread

Name: 凤凰资讯, URL: http://116.162.6.192/zycfcdn.gdwlcloud.com/PLTV/88888888/224/3221226320/index.m3u8, Date: None, Resolution: None, Response Time: 545ms
Name: 凤凰中文, URL: http://116.162.6.191/zycfcdn.gdwlcloud.com/PLTV/88888888/224/3221226317/index.m3u8, Date: None, Resolution: None, Response Time: 545ms
Name: 广州竞赛, URL: https://tencentplay.gztv.com/live/jingsai.m3u8?txSecret=949bbf3de9ca122335c90faa3739d915&txTime=190dec11929, Date: None, Resolution: None, Response Time: 264114ms
Name: 浙江卫视, URL: http://ali-m-l.cztv.com/channels/lantian/channel001/1080p.m3u8, Date: None, Resolution: None, Response Time: 5825ms
Name: 北京卫视, URL: http://222.240.82.92:9901/tsfile/live/0122_1.m3u8, Date: 03-20-2023, Resolution: None, Response Time: 569ms
Name: 北京卫视, URL: http://222.240.82.92:9901/tsfile/live/0122_1.m3u8, Date: 03-20-2023, Resolution: None, Response Time: 573ms
Name: 湖北卫视, URL: http://115.149.139.141:10001/tsfile/live/1027_1.m3u8, Date: 03-20-2023, Resolution: None, Response Time: 1079ms
Name: 安徽卫视, URL: http://117.27.190.42:9998/tsfile/live/23262_1.m3u8, Date: None, Resolution: None, Response Time: 519ms
Name: 安徽卫视, URL: http://115.149.139.141:10001/tsfile/live/1025_1.m3u8, Date: 03-20-2023, Resolution: None, Response Time: 1069ms
Name: 甘肃卫视, URL: http://222.240.82.92:9901/tsfile/live/0141_1.m3u8, Date: 03-20-2023, Resolution: None, Response Time: 1133ms
Name: 海南卫视, URL: https://live.v1.mk/api/bestv.php?id=hainanwshd8m/8000000, Date: 03-21-2023, Resolution: None, Response Time: 5807ms
Name: CCTV-3, URL: http://218.3.138.25:1111/tsfile/live/1002_1.m3u8, Date: None, Resolution: None, Response Time: 495ms
Name: 江苏卫视, URL: http://222.240.82.92:9901/tsfile/live/0127_1.m3u8, Date: 03-20-2023, Resolution: None, Response Time: 578ms
Name: 江苏卫视, URL: http://222.240.82.92:9901/tsfile/live/0127_1.m3u8, Date: 03-20-2023, Resolution: None, Response Time: 579ms
Name: 青海卫视, URL: http://stream.qhbtv.com/qhws/sd/live.m3u8, Date: None, Resolution: None, Response Time: 7435ms
